Determining if the pthread_create exist failed with the following output:
Change Dir: /home/oleg/Documents/SensorFusion/SFND_Lidar_Obstacle_Detection/build/CMakeFiles/CMakeTmp

Run Build Command(s):/usr/bin/make cmTC_3322b/fast 
/usr/bin/make -f CMakeFiles/cmTC_3322b.dir/build.make CMakeFiles/cmTC_3322b.dir/build
make[1]: Entering directory '/home/oleg/Documents/SensorFusion/SFND_Lidar_Obstacle_Detection/build/CMakeFiles/CMakeTmp'
Building C object CMakeFiles/cmTC_3322b.dir/CheckSymbolExists.c.o
/bin/gcc-8    -o CMakeFiles/cmTC_3322b.dir/CheckSymbolExists.c.o   -c /home/oleg/Documents/SensorFusion/SFND_Lidar_Obstacle_Detection/build/CMakeFiles/CMakeTmp/CheckSymbolExists.c
Linking C executable cmTC_3322b
/home/oleg/cmake-3.14.5-Linux-x86_64/bin/cmake -E cmake_link_script CMakeFiles/cmTC_3322b.dir/link.txt --verbose=1
/bin/gcc-8      -rdynamic CMakeFiles/cmTC_3322b.dir/CheckSymbolExists.c.o  -o cmTC_3322b 
/usr/bin/ld: CMakeFiles/cmTC_3322b.dir/CheckSymbolExists.c.o: in function `main':
CheckSymbolExists.c:(.text+0x1b): undefined reference to `pthread_create'
collect2: error: ld returned 1 exit status
CMakeFiles/cmTC_3322b.dir/build.make:86: recipe for target 'cmTC_3322b' failed
make[1]: *** [cmTC_3322b] Error 1
make[1]: Leaving directory '/home/oleg/Documents/SensorFusion/SFND_Lidar_Obstacle_Detection/build/CMakeFiles/CMakeTmp'
Makefile:121: recipe for target 'cmTC_3322b/fast' failed
make: *** [cmTC_3322b/fast] Error 2

File /home/oleg/Documents/SensorFusion/SFND_Lidar_Obstacle_Detection/build/CMakeFiles/CMakeTmp/CheckSymbolExists.c:
/* */
#include <pthread.h>

int main(int argc, char** argv)
{
  (void)argv;
#ifndef pthread_create
  return ((int*)(&pthread_create))[argc];
#else
  (void)argc;
  return 0;
#endif
}

Determining if the function pthread_create exists in the pthreads failed with the following output:
Change Dir: /home/oleg/Documents/SensorFusion/SFND_Lidar_Obstacle_Detection/build/CMakeFiles/CMakeTmp

Run Build Command(s):/usr/bin/make cmTC_38efd/fast 
/usr/bin/make -f CMakeFiles/cmTC_38efd.dir/build.make CMakeFiles/cmTC_38efd.dir/build
make[1]: Entering directory '/home/oleg/Documents/SensorFusion/SFND_Lidar_Obstacle_Detection/build/CMakeFiles/CMakeTmp'
Building C object CMakeFiles/cmTC_38efd.dir/CheckFunctionExists.c.o
/bin/gcc-8   -DCHECK_FUNCTION_EXISTS=pthread_create   -o CMakeFiles/cmTC_38efd.dir/CheckFunctionExists.c.o   -c /home/oleg/cmake-3.14.5-Linux-x86_64/share/cmake-3.14/Modules/CheckFunctionExists.c
Linking C executable cmTC_38efd
/home/oleg/cmake-3.14.5-Linux-x86_64/bin/cmake -E cmake_link_script CMakeFiles/cmTC_38efd.dir/link.txt --verbose=1
/bin/gcc-8  -DCHECK_FUNCTION_EXISTS=pthread_create    -rdynamic CMakeFiles/cmTC_38efd.dir/CheckFunctionExists.c.o  -o cmTC_38efd -lpthreads 
/usr/bin/ld: cannot find -lpthreads
collect2: error: ld returned 1 exit status
CMakeFiles/cmTC_38efd.dir/build.make:86: recipe for target 'cmTC_38efd' failed
make[1]: *** [cmTC_38efd] Error 1
make[1]: Leaving directory '/home/oleg/Documents/SensorFusion/SFND_Lidar_Obstacle_Detection/build/CMakeFiles/CMakeTmp'
Makefile:121: recipe for target 'cmTC_38efd/fast' failed
make: *** [cmTC_38efd/fast] Error 2


